# JRE version: Java(TM) SE Runtime Environment (25.0.2+10) (build 25.0.2+10-LTS-69)
# Java VM: Java HotSpot(TM) 64-Bit Server VM (25.0.2+10-LTS-69, mixed mode, sharing, tiered, compressed oops, compressed class ptrs, g1 gc, windows-amd64)
GC Precious Log:
 CardTable entry size: 512
 Card Set container configuration: InlinePtr #cards 5 size 8 Array Of Cards #cards 10 size 36 Howl #buckets 4 coarsen threshold 1843 Howl Bitmap #cards 512 size 80 coarsen threshold 460 Card regions per heap region 1 cards per card region 2048
 CPUs: 6 total, 6 available
 Memory: 7876M
 Large Page Support: Disabled
 NUMA Support: Disabled
 Compressed Oops: Enabled (32-bit)
 Heap Region Size: 1M
 Heap Min Capacity: 8M
 Heap Initial Capacity: 124M
 Heap Max Capacity: 1970M
 Pre-touch: Disabled
 Parallel Workers: 6
 Concurrent Workers: 2
 Concurrent Refinement Workers: 6
 Periodic GC: Disabled
Heap:
 garbage-first heap   total reserved 2017280K, committed 109568K, used 79754K [0x0000000084e00000, 0x0000000100000000)
  region size 1024K, 17 young (17408K), 4 survivors (4096K)
GC Heap Usage History (20 events):
Event: 7.302 {heap Before GC invocations=16 (full 0):
 garbage-first heap   total reserved 2017280K, committed 83968K, used 76741K [0x0000000084e00000, 0x0000000100000000)
  region size 1024K, 29 young (29696K), 3 survivors (3072K)
}
Event: 7.306 {heap After GC invocations=17 (full 0):
 garbage-first heap   total reserved 2017280K, committed 83968K, used 51442K [0x0000000084e00000, 0x0000000100000000)
  region size 1024K, 3 young (3072K), 3 survivors (3072K)
}
Event: 7.743 {heap Before GC invocations=17 (full 0):
 garbage-first heap   total reserved 2017280K, committed 83968K, used 76018K [0x0000000084e00000, 0x0000000100000000)
  region size 1024K, 28 young (28672K), 3 survivors (3072K)
}
Event: 7.749 {heap After GC invocations=18 (full 0):
 garbage-first heap   total reserved 2017280K, committed 83968K, used 53817K [0x0000000084e00000, 0x0000000100000000)
  region size 1024K, 4 young (4096K), 4 survivors (4096K)
}
Event: 8.203 {heap Before GC invocations=19 (full 0):
 garbage-first heap   total reserved 2017280K, committed 91136K, used 77369K [0x0000000084e00000, 0x0000000100000000)
  region size 1024K, 27 young (27648K), 4 survivors (4096K)
}
Event: 8.209 {heap After GC invocations=20 (full 0):
 garbage-first heap   total reserved 2017280K, committed 109568K, used 56380K [0x0000000084e00000, 0x0000000100000000)
  region size 1024K, 3 young (3072K), 3 survivors (3072K)
}
Event: 10.150 {heap Before GC invocations=20 (full 0):
 garbage-first heap   total reserved 2017280K, committed 109568K, used 98364K [0x0000000084e00000, 0x0000000100000000)
  region size 1024K, 45 young (46080K), 3 survivors (3072K)
}
Event: 10.156 {heap After GC invocations=21 (full 0):
 garbage-first heap   total reserved 2017280K, committed 109568K, used 59521K [0x0000000084e00000, 0x0000000100000000)
  region size 1024K, 6 young (6144K), 6 survivors (6144K)
}
Event: 11.200 {heap Before GC invocations=21 (full 0):
 garbage-first heap   total reserved 2017280K, committed 109568K, used 98433K [0x0000000084e00000, 0x0000000100000000)
  region size 1024K, 45 young (46080K), 6 survivors (6144K)
}
Event: 11.209 {heap After GC invocations=22 (full 0):
 garbage-first heap   total reserved 2017280K, committed 109568K, used 61199K [0x0000000084e00000, 0x0000000100000000)
  region size 1024K, 5 young (5120K), 5 survivors (5120K)
}
Event: 165.247 {heap Before GC invocations=23 (full 0):
 garbage-first heap   total reserved 2017280K, committed 109568K, used 100111K [0x0000000084e00000, 0x0000000100000000)
  region size 1024K, 44 young (45056K), 5 survivors (5120K)
}
Event: 165.318 {heap After GC invocations=24 (full 0):
 garbage-first heap   total reserved 2017280K, committed 109568K, used 62964K [0x0000000084e00000, 0x0000000100000000)
  region size 1024K, 4 young (4096K), 4 survivors (4096K)
}
Event: 428.501 {heap Before GC invocations=24 (full 0):
 garbage-first heap   total reserved 2017280K, committed 109568K, used 100852K [0x0000000084e00000, 0x0000000100000000)
  region size 1024K, 42 young (43008K), 4 survivors (4096K)
}
Event: 428.586 {heap After GC invocations=25 (full 0):
 garbage-first heap   total reserved 2017280K, committed 109568K, used 64086K [0x0000000084e00000, 0x0000000100000000)
  region size 1024K, 4 young (4096K), 4 survivors (4096K)
}
Event: 700.432 {heap Before GC invocations=25 (full 0):
 garbage-first heap   total reserved 2017280K, committed 109568K, used 102998K [0x0000000084e00000, 0x0000000100000000)
  region size 1024K, 42 young (43008K), 4 survivors (4096K)
}
Event: 700.475 {heap After GC invocations=26 (full 0):
 garbage-first heap   total reserved 2017280K, committed 109568K, used 64537K [0x0000000084e00000, 0x0000000100000000)
  region size 1024K, 3 young (3072K), 3 survivors (3072K)
}
Event: 1003.452 {heap Before GC invocations=27 (full 0):
 garbage-first heap   total reserved 2017280K, committed 109568K, used 101401K [0x0000000084e00000, 0x0000000100000000)
  region size 1024K, 40 young (40960K), 3 survivors (3072K)
}
Event: 1003.532 {heap After GC invocations=28 (full 0):
 garbage-first heap   total reserved 2017280K, committed 109568K, used 66976K [0x0000000084e00000, 0x0000000100000000)
  region size 1024K, 5 young (5120K), 5 survivors (5120K)
}
Event: 1286.238 {heap Before GC invocations=28 (full 0):
 garbage-first heap   total reserved 2017280K, committed 109568K, used 100768K [0x0000000084e00000, 0x0000000100000000)
  region size 1024K, 39 young (39936K), 5 survivors (5120K)
}
Event: 1286.330 {heap After GC invocations=29 (full 0):
 garbage-first heap   total reserved 2017280K, committed 109568K, used 67466K [0x0000000084e00000, 0x0000000100000000)
  region size 1024K, 4 young (4096K), 4 survivors (4096K)
}

