# JRE version: Java(TM) SE Runtime Environment (25.0.2+10) (build 25.0.2+10-LTS-69)
# Java VM: Java HotSpot(TM) 64-Bit Server VM (25.0.2+10-LTS-69, mixed mode, sharing, tiered, compressed oops, compressed class ptrs, g1 gc, windows-amd64)
GC Precious Log:
 CardTable entry size: 512
 Card Set container configuration: InlinePtr #cards 5 size 8 Array Of Cards #cards 10 size 36 Howl #buckets 4 coarsen threshold 1843 Howl Bitmap #cards 512 size 80 coarsen threshold 460 Card regions per heap region 1 cards per card region 2048
 CPUs: 6 total, 6 available
 Memory: 7876M
 Large Page Support: Disabled
 NUMA Support: Disabled
 Compressed Oops: Enabled (32-bit)
 Heap Region Size: 1M
 Heap Min Capacity: 8M
 Heap Initial Capacity: 124M
 Heap Max Capacity: 1970M
 Pre-touch: Disabled
 Parallel Workers: 6
 Concurrent Workers: 2
 Concurrent Refinement Workers: 6
 Periodic GC: Disabled
Heap:
 garbage-first heap   total reserved 2017280K, committed 101376K, used 88212K [0x0000000084e00000, 0x0000000100000000)
  region size 1024K, 32 young (32768K), 3 survivors (3072K)
GC Heap Usage History (20 events):
Event: 12.724 {heap Before GC invocations=11 (full 0):
 garbage-first heap   total reserved 2017280K, committed 81920K, used 71069K [0x0000000084e00000, 0x0000000100000000)
  region size 1024K, 31 young (31744K), 4 survivors (4096K)
}
Event: 12.733 {heap After GC invocations=12 (full 0):
 garbage-first heap   total reserved 2017280K, committed 81920K, used 46016K [0x0000000084e00000, 0x0000000100000000)
  region size 1024K, 3 young (3072K), 3 survivors (3072K)
}
Event: 14.295 {heap Before GC invocations=12 (full 0):
 garbage-first heap   total reserved 2017280K, committed 81920K, used 71616K [0x0000000084e00000, 0x0000000100000000)
  region size 1024K, 29 young (29696K), 3 survivors (3072K)
}
Event: 14.303 {heap After GC invocations=13 (full 0):
 garbage-first heap   total reserved 2017280K, committed 81920K, used 47703K [0x0000000084e00000, 0x0000000100000000)
  region size 1024K, 2 young (2048K), 2 survivors (2048K)
}
Event: 16.149 {heap Before GC invocations=13 (full 0):
 garbage-first heap   total reserved 2017280K, committed 81920K, used 73303K [0x0000000084e00000, 0x0000000100000000)
  region size 1024K, 27 young (27648K), 2 survivors (2048K)
}
Event: 16.155 {heap After GC invocations=14 (full 0):
 garbage-first heap   total reserved 2017280K, committed 81920K, used 48873K [0x0000000084e00000, 0x0000000100000000)
  region size 1024K, 4 young (4096K), 4 survivors (4096K)
}
Event: 17.197 {heap Before GC invocations=15 (full 0):
 garbage-first heap   total reserved 2017280K, committed 83968K, used 72425K [0x0000000084e00000, 0x0000000100000000)
  region size 1024K, 28 young (28672K), 4 survivors (4096K)
}
Event: 17.204 {heap After GC invocations=16 (full 0):
 garbage-first heap   total reserved 2017280K, committed 83968K, used 49847K [0x0000000084e00000, 0x0000000100000000)
  region size 1024K, 3 young (3072K), 3 survivors (3072K)
}
Event: 18.631 {heap Before GC invocations=16 (full 0):
 garbage-first heap   total reserved 2017280K, committed 83968K, used 75447K [0x0000000084e00000, 0x0000000100000000)
  region size 1024K, 29 young (29696K), 3 survivors (3072K)
}
Event: 18.641 {heap After GC invocations=17 (full 0):
 garbage-first heap   total reserved 2017280K, committed 83968K, used 51147K [0x0000000084e00000, 0x0000000100000000)
  region size 1024K, 3 young (3072K), 3 survivors (3072K)
}
Event: 19.861 {heap Before GC invocations=17 (full 0):
 garbage-first heap   total reserved 2017280K, committed 83968K, used 75723K [0x0000000084e00000, 0x0000000100000000)
  region size 1024K, 28 young (28672K), 3 survivors (3072K)
}
Event: 19.872 {heap After GC invocations=18 (full 0):
 garbage-first heap   total reserved 2017280K, committed 83968K, used 53544K [0x0000000084e00000, 0x0000000100000000)
  region size 1024K, 4 young (4096K), 4 survivors (4096K)
}
Event: 21.031 {heap Before GC invocations=19 (full 0):
 garbage-first heap   total reserved 2017280K, committed 91136K, used 77096K [0x0000000084e00000, 0x0000000100000000)
  region size 1024K, 27 young (27648K), 4 survivors (4096K)
}
Event: 21.042 {heap After GC invocations=20 (full 0):
 garbage-first heap   total reserved 2017280K, committed 91136K, used 55647K [0x0000000084e00000, 0x0000000100000000)
  region size 1024K, 4 young (4096K), 4 survivors (4096K)
}
Event: 21.952 {heap Before GC invocations=20 (full 0):
 garbage-first heap   total reserved 2017280K, committed 91136K, used 82271K [0x0000000084e00000, 0x0000000100000000)
  region size 1024K, 31 young (31744K), 4 survivors (4096K)
}
Event: 21.964 {heap After GC invocations=21 (full 0):
 garbage-first heap   total reserved 2017280K, committed 91136K, used 58092K [0x0000000084e00000, 0x0000000100000000)
  region size 1024K, 3 young (3072K), 3 survivors (3072K)
}
Event: 24.332 {heap Before GC invocations=21 (full 0):
 garbage-first heap   total reserved 2017280K, committed 91136K, used 83692K [0x0000000084e00000, 0x0000000100000000)
  region size 1024K, 29 young (29696K), 3 survivors (3072K)
}
Event: 24.340 {heap After GC invocations=22 (full 0):
 garbage-first heap   total reserved 2017280K, committed 91136K, used 59604K [0x0000000084e00000, 0x0000000100000000)
  region size 1024K, 2 young (2048K), 2 survivors (2048K)
}
Event: 25.727 {heap Before GC invocations=23 (full 0):
 garbage-first heap   total reserved 2017280K, committed 101376K, used 83156K [0x0000000084e00000, 0x0000000100000000)
  region size 1024K, 26 young (26624K), 2 survivors (2048K)
}
Event: 25.735 {heap After GC invocations=24 (full 0):
 garbage-first heap   total reserved 2017280K, committed 101376K, used 60564K [0x0000000084e00000, 0x0000000100000000)
  region size 1024K, 3 young (3072K), 3 survivors (3072K)
}

